collection_name: [8, 8, 8, 8, 8, 8, 8, 8, 8, 8, 8, 8, 8, 8, 8, 8, 8, 8, 8, 8, 8, 8, 8, 8, 8, 8, 8, 8, 8, 8, 8, 8]
[1/8] Load image...
[2/8] Load params...
[3/8] Executing...
=-=-= dump queue =-=-=
=-=-= end =-=-=
=-=-= dump queue =-=-=
=-=-= end =-=-=
=-=-= dump queue =-=-=
=-=-= end =-=-=
=-=-= dump queue =-=-=
=-=-= end =-=-=
=-=-= dump queue =-=-=
=-=-= end =-=-=
=-=-= dump queue =-=-=
=-=-= end =-=-=
=-=-= dump queue =-=-=
=-=-= end =-=-=
=-=-= dump queue =-=-=
=-=-= end =-=-=
=-=-= dump queue =-=-=
=-=-= end =-=-=
store object [4249427727695801802, 13330903866713613469, 4249670621417762250, 65283]
end store object
store player
end store player
=-=-= dump queue =-=-=
[2] - 0 - 0
=-=-= end =-=-=
=-=-= dump queue =-=-=
[1] - 0 - 0
=-=-= end =-=-=
=-=-= dump queue =-=-=
[0] - 0 - 0
=-=-= end =-=-=
store object [4249427727695801802, 13330903866713613469, 4249670621417762250, 65283]
end store object
store player
end store player
=-=-= dump queue =-=-=
[1] - 0 - 1
=-=-= end =-=-=
=-=-= dump queue =-=-=
[0] - 0 - 1
=-=-= end =-=-=
store object [4249427727695801802, 13330903866713613469, 4249670621417762250, 65283]
end store object
store player
end store player
=-=-= dump queue =-=-=
[3] - 0 - 2
=-=-= end =-=-=
=-=-= dump queue =-=-=
[2] - 0 - 2
=-=-= end =-=-=
=-=-= dump queue =-=-=
[1] - 0 - 2
=-=-= end =-=-=
=-=-= dump queue =-=-=
[0] - 0 - 2
=-=-= end =-=-=
store object [4249427727695801802, 13330903866713613469, 4249670621417762250, 65283]
end store object
store player
end store player
=-=-= dump queue =-=-=
[3] - 0 - 3
=-=-= end =-=-=
=-=-= dump queue =-=-=
[2] - 0 - 3
=-=-= end =-=-=
=-=-= dump queue =-=-=
[1] - 0 - 3
=-=-= end =-=-=
=-=-= dump queue =-=-=
[0] - 0 - 3
=-=-= end =-=-=
store object [4249427727695801802, 13330903866713613469, 4249670621417762250, 65283]
end store object
store player
end store player
=-=-= dump queue =-=-=
[1] - 0 - 4
=-=-= end =-=-=
=-=-= dump queue =-=-=
[0] - 0 - 4
=-=-= end =-=-=
store object [4249427727695801802, 13330903866713613469, 4249670621417762250, 65283]
end store object
store player
end store player
=-=-= dump queue =-=-=
[1] - 0 - 5
=-=-= end =-=-=
=-=-= dump queue =-=-=
[0] - 0 - 5
=-=-= end =-=-=
store object [4249427727695801802, 13330903866713613469, 4249670621417762250, 65283]
end store object
store player
end store player
=-=-= dump queue =-=-=
[3] - 0 - 6
=-=-= end =-=-=
=-=-= dump queue =-=-=
[2] - 0 - 6
=-=-= end =-=-=
=-=-= dump queue =-=-=
[1] - 0 - 6
=-=-= end =-=-=
=-=-= dump queue =-=-=
[0] - 0 - 6
=-=-= end =-=-=
store object [4249427727695801802, 13330903866713613469, 4249670621417762250, 65283]
end store object
store player
end store player
=-=-= dump queue =-=-=
[3] - 0 - 7
=-=-= end =-=-=
=-=-= dump queue =-=-=
[2] - 0 - 7
=-=-= end =-=-=
=-=-= dump queue =-=-=
[1] - 0 - 7
=-=-= end =-=-=
=-=-= dump queue =-=-=
[0] - 0 - 7
=-=-= end =-=-=
store object [4249427727695801802, 13330903866713613469, 4249670621417762250, 65283]
end store object
store player
end store player
=-=-= dump queue =-=-=
[1] - 0 - 0
=-=-= end =-=-=
=-=-= dump queue =-=-=
[0] - 0 - 0
=-=-= end =-=-=
store object [4249427727695801802, 13330903866713613469, 4249670621417762250, 65283]
end store object
store player
end store player
=-=-= dump queue =-=-=
[1] - 0 - 1
=-=-= end =-=-=
=-=-= dump queue =-=-=
[0] - 0 - 1
=-=-= end =-=-=
store object [4249427727695801802, 13330903866713613469, 4249670621417762250, 65283]
end store object
store player
end store player
=-=-= dump queue =-=-=
[3] - 0 - 2
=-=-= end =-=-=
=-=-= dump queue =-=-=
[2] - 0 - 2
=-=-= end =-=-=
=-=-= dump queue =-=-=
[1] - 0 - 2
=-=-= end =-=-=
=-=-= dump queue =-=-=
[0] - 0 - 2
=-=-= end =-=-=
store object [4249427727695801802, 13330903866713613469, 4249670621417762250, 65283]
end store object
store player
end store player
=-=-= dump queue =-=-=
[3] - 0 - 3
=-=-= end =-=-=
=-=-= dump queue =-=-=
[2] - 0 - 3
=-=-= end =-=-=
=-=-= dump queue =-=-=
[1] - 0 - 3
=-=-= end =-=-=
=-=-= dump queue =-=-=
[0] - 0 - 3
=-=-= end =-=-=
store object [4249427727695801802, 13330903866713613469, 4249670621417762250, 65283]
end store object
store player
end store player
=-=-= dump queue =-=-=
[1] - 0 - 4
=-=-= end =-=-=
=-=-= dump queue =-=-=
[0] - 0 - 4
=-=-= end =-=-=
store object [4249427727695801802, 13330903866713613469, 4249670621417762250, 65283]
end store object
store player
end store player
=-=-= dump queue =-=-=
[1] - 0 - 5
=-=-= end =-=-=
=-=-= dump queue =-=-=
[0] - 0 - 5
=-=-= end =-=-=
store object [4249427727695801802, 13330903866713613469, 4249670621417762250, 65283]
end store object
store player
end store player
=-=-= dump queue =-=-=
[3] - 0 - 6
=-=-= end =-=-=
=-=-= dump queue =-=-=
[2] - 0 - 6
=-=-= end =-=-=
=-=-= dump queue =-=-=
[1] - 0 - 6
=-=-= end =-=-=
=-=-= dump queue =-=-=
[0] - 0 - 6
=-=-= end =-=-=
store object [4249427727695801802, 13330903866713613469, 4249670621417762250, 65283]
end store object
store player
end store player
=-=-= dump queue =-=-=
[3] - 0 - 7
=-=-= end =-=-=
=-=-= dump queue =-=-=
[2] - 0 - 7
=-=-= end =-=-=
=-=-= dump queue =-=-=
[1] - 0 - 7
=-=-= end =-=-=
=-=-= dump queue =-=-=
[0] - 0 - 7
=-=-= end =-=-=
store object [4249427727695801802, 13330903866713613469, 4249670621417762250, 65283]
end store object
store player
end store player
=-=-= dump queue =-=-=
[1] - 0 - 0
=-=-= end =-=-=
=-=-= dump queue =-=-=
[0] - 0 - 0
=-=-= end =-=-=
store object [4249427727695801802, 13330903866713613469, 4249670621417762250, 65283]
end store object
store player
end store player
flush settlement
compact [17342965432624239523, 4249670621417762250, 13330903866713613469, 1458548106146728466, 4294967297]root after store: [17190124983849783200, 17391069222537840321, 13077991261288418848, 104067702890874157]
total guest instructions used 964560
total host api used {"foreign_poseidon": ForeignStatics { used_round: 109, max_round: 2048 }, "foreign_babyjubjubsum": ForeignStatics { used_round: 183, max_round: 600 }, "foreign_keccak": ForeignStatics { used_round: 0, max_round: 50 }, "foreign_bn254sum": ForeignStatics { used_round: 0, max_round: 32 }, "foreign_merkle": ForeignStatics { used_round: 110, max_round: 1080 }}
[4/8] Context output is not specified. Skip writing context output...
[5/8] Writing traces to "./output/traces"...
[6/8] Build circuit(s)...
[7/8] Creating proof(s)...
Start:   compress selectors ...
End:     compress selectors ... ....................................................393.630µs
Start:   fixed polys ...
End:     fixed polys ... ...........................................................3.826s
Start:   build pk time...
··Start:   prepare delta_omegas
··End:     prepare delta_omegas ....................................................906.887ms
··Start:   prepare permutations
··End:     prepare permutations ....................................................1.345s
··Start:   prepare poly
··End:     prepare poly ............................................................526.232ms
End:     build pk time... ..........................................................2.885s
Start:   l poly
End:     l poly ....................................................................644.632ms
Start:   prepare ev
End:     prepare ev ................................................................198.485ms
Start:   synthesize
··Start:   Prepare assignment
····Start:   Prepare image table assigner
····End:     Prepare image table assigner ..........................................767.699µs
····Start:   Prepare mtable
····End:     Prepare mtable ........................................................515.966ms
····Start:   Prepare memory info for etable
····End:     Prepare memory info for etable ........................................179.411ms
··End:     Prepare assignment ......................................................696.318ms
··Start:   Assign
····Start:   Init range chip
····Start:   Assign external host call table
······Start:   Init foreign table index
····Start:   Assign bit table
··········Start:   Assign post image table chip
············Start:   Assign context cont chip
··············End:     Assign context cont chip ....................................689ns
············Start:   Assign pre image table chip
············Start:   Assign mtable
················Start:   Assign etable
················End:     Init foreign table index ..................................3.327ms
············Start:   Assign frame table
··················End:     Init range chip .........................................6.669ms
················End:     Assign external host call table ...........................7.037ms
··············End:     Assign frame table ..........................................17.897ms
············End:     Assign bit table ..............................................59.066ms
··········End:     Assign mtable ...................................................555.282ms
········End:     Assign pre image table chip .......................................597.467ms
······End:     Assign post image table chip ........................................682.390ms
····End:     Assign etable .........................................................770.375ms
··End:     Assign ..................................................................800.034ms
··Start:   permutation
··End:     permutation .............................................................850ns
End:     synthesize ................................................................1.517s
Start:   synthesize sort range check col
··Start:   sort range check
··End:     sort range check ........................................................163.710ms
End:     synthesize sort range check col ...........................................175.963ms
Start:   creating proof ...
k is 22
free is 24551751680,total is 25393692672
··Start:   copy g_lagrange buffer
··End:     copy g_lagrange buffer ..................................................259.480ms
··Start:   prepare buffers
····Start:   prepare lookup buffer, count 20
······Start:   instances and advices msm 88
······End:     prepare lookup buffer, count 20 .....................................1.630s
······Start:   prepare permutation buffer, count 6
······End:     prepare permutation buffer, count 6 .................................110.602ms
······Start:   prepare shuffle buffer, count 6
······End:     prepare shuffle buffer, count 6 .....................................120.232ms
····End:     prepare buffers .......................................................1.862s
····Start:   permute lookup comp 4
····End:     permute lookup comp 4 .................................................842.304ms
··End:     instances and advices msm 88 ............................................4.155s
··Start:   wait single lookups
··End:     wait single lookups .....................................................11.229µs
··Start:   single lookup msm 5 4
····Start:   permute lookup tuple 11
····End:     single lookup msm 5 4 .................................................809.015ms
····Start:   wait tuple lookup
····End:     permute lookup tuple 11 ...............................................962.005ms
··End:     wait tuple lookup .......................................................153.034ms
··Start:   tuple lookup msm 11
··End:     tuple lookup msm 11 .....................................................606.440ms
··Start:   product permutation 6
··End:     product permutation 6 ...................................................35.880µs
··Start:   product shuffles total=16, group=6
··End:     product shuffles total=16, group=6 ......................................41.060µs
··Start:   prepare ntt
··End:     prepare ntt .............................................................14.713ms
··Start:   generate lookup z
··End:     generate lookup z .......................................................505.721ms
··Start:   lookup z msm 20
··End:     lookup z msm 20 .........................................................644.782ms
··Start:   wait permutation_products
··End:     wait permutation_products ...............................................192.173ms
··Start:   permutation z msm and intt
··End:     permutation z msm and intt ..............................................347.827ms
··Start:   wait shuffle_products
··End:     wait shuffle_products ...................................................395.758ms
··Start:   shuffle z msm and intt
··End:     shuffle z msm and intt ..................................................275.354ms
··Start:   random_poly
··End:     random_poly .............................................................118.316ms
··Start:   h_poly
····Start:   instances and advices intt
····End:     instances and advices intt ............................................529.788ms
····Start:   evaluate_h setup
····End:     evaluate_h setup ......................................................593.691µs
····Start:   evaluate_h gates
····End:     evaluate_h gates ......................................................2.363s
····Start:   evaluate_h prepare buffers for constants
····End:     evaluate_h prepare buffers for constants ..............................191.098ms
····Start:   evaluate_h permutation
····End:     evaluate_h permutation ................................................1.405s
····Start:   evaluate_h lookup
····End:     evaluate_h lookup .....................................................1.868s
····Start:   evaluate_h shuffle
····End:     evaluate_h shuffle ....................................................616.602ms
····Start:   vanishing msm 4
····End:     vanishing msm 4 .......................................................171.594ms
··End:     h_poly ..................................................................7.160s
··Start:   compute eval 200
··End:     compute eval 200 ........................................................1.576s
··Start:   multi open
··End:     multi open ..............................................................887.816ms
End:     creating proof ... ........................................................18.581s
[8/8] Saving proof load info to "./output/gameissue.loadinfo.json"...
