collection_name: [8, 8, 8, 8, 8, 8, 8, 8, 8, 8, 8, 8, 8, 8, 8, 8, 8, 8, 8, 8, 8, 8, 8, 8, 8, 8, 8, 8, 8, 8, 8, 8]
[1/8] Load image...
[2/8] Load params...
[3/8] Executing...
=-=-= dump queue =-=-=
=-=-= end =-=-=
=-=-= dump queue =-=-=
=-=-= end =-=-=
=-=-= dump queue =-=-=
=-=-= end =-=-=
=-=-= dump queue =-=-=
=-=-= end =-=-=
=-=-= dump queue =-=-=
=-=-= end =-=-=
=-=-= dump queue =-=-=
=-=-= end =-=-=
=-=-= dump queue =-=-=
=-=-= end =-=-=
=-=-= dump queue =-=-=
=-=-= end =-=-=
=-=-= dump queue =-=-=
=-=-= end =-=-=
store object [4249427727695801802, 13330903866713613469, 4249670621417762250, 65283]
end store object
store player
end store player
=-=-= dump queue =-=-=
[2] - 0 - 0
=-=-= end =-=-=
=-=-= dump queue =-=-=
[1] - 0 - 0
=-=-= end =-=-=
=-=-= dump queue =-=-=
[0] - 0 - 0
=-=-= end =-=-=
store object [4249427727695801802, 13330903866713613469, 4249670621417762250, 65283]
end store object
store player
end store player
=-=-= dump queue =-=-=
[1] - 0 - 1
=-=-= end =-=-=
=-=-= dump queue =-=-=
[0] - 0 - 1
=-=-= end =-=-=
store object [4249427727695801802, 13330903866713613469, 4249670621417762250, 65283]
end store object
store player
end store player
=-=-= dump queue =-=-=
[3] - 0 - 2
=-=-= end =-=-=
=-=-= dump queue =-=-=
[2] - 0 - 2
=-=-= end =-=-=
=-=-= dump queue =-=-=
[1] - 0 - 2
=-=-= end =-=-=
=-=-= dump queue =-=-=
[0] - 0 - 2
=-=-= end =-=-=
store object [4249427727695801802, 13330903866713613469, 4249670621417762250, 65283]
end store object
store player
end store player
=-=-= dump queue =-=-=
[3] - 0 - 3
=-=-= end =-=-=
=-=-= dump queue =-=-=
[2] - 0 - 3
=-=-= end =-=-=
=-=-= dump queue =-=-=
[1] - 0 - 3
=-=-= end =-=-=
=-=-= dump queue =-=-=
[0] - 0 - 3
=-=-= end =-=-=
store object [4249427727695801802, 13330903866713613469, 4249670621417762250, 65283]
end store object
store player
end store player
=-=-= dump queue =-=-=
[1] - 0 - 4
=-=-= end =-=-=
=-=-= dump queue =-=-=
[0] - 0 - 4
=-=-= end =-=-=
store object [4249427727695801802, 13330903866713613469, 4249670621417762250, 65283]
end store object
store player
end store player
=-=-= dump queue =-=-=
[1] - 0 - 5
=-=-= end =-=-=
=-=-= dump queue =-=-=
[0] - 0 - 5
=-=-= end =-=-=
store object [4249427727695801802, 13330903866713613469, 4249670621417762250, 65283]
end store object
store player
end store player
=-=-= dump queue =-=-=
[3] - 0 - 6
=-=-= end =-=-=
=-=-= dump queue =-=-=
[2] - 0 - 6
=-=-= end =-=-=
=-=-= dump queue =-=-=
[1] - 0 - 6
=-=-= end =-=-=
=-=-= dump queue =-=-=
[0] - 0 - 6
=-=-= end =-=-=
store object [4249427727695801802, 13330903866713613469, 4249670621417762250, 65283]
end store object
store player
end store player
=-=-= dump queue =-=-=
[3] - 0 - 7
=-=-= end =-=-=
=-=-= dump queue =-=-=
[2] - 0 - 7
=-=-= end =-=-=
=-=-= dump queue =-=-=
[1] - 0 - 7
=-=-= end =-=-=
=-=-= dump queue =-=-=
[0] - 0 - 7
=-=-= end =-=-=
store object [4249427727695801802, 13330903866713613469, 4249670621417762250, 65283]
end store object
store player
end store player
=-=-= dump queue =-=-=
[1] - 0 - 0
=-=-= end =-=-=
=-=-= dump queue =-=-=
[0] - 0 - 0
=-=-= end =-=-=
store object [4249427727695801802, 13330903866713613469, 4249670621417762250, 65283]
end store object
store player
end store player
=-=-= dump queue =-=-=
[1] - 0 - 1
=-=-= end =-=-=
=-=-= dump queue =-=-=
[0] - 0 - 1
=-=-= end =-=-=
store object [4249427727695801802, 13330903866713613469, 4249670621417762250, 65283]
end store object
store player
end store player
=-=-= dump queue =-=-=
[3] - 0 - 2
=-=-= end =-=-=
=-=-= dump queue =-=-=
[2] - 0 - 2
=-=-= end =-=-=
=-=-= dump queue =-=-=
[1] - 0 - 2
=-=-= end =-=-=
=-=-= dump queue =-=-=
[0] - 0 - 2
=-=-= end =-=-=
store object [4249427727695801802, 13330903866713613469, 4249670621417762250, 65283]
end store object
store player
end store player
=-=-= dump queue =-=-=
[3] - 0 - 3
=-=-= end =-=-=
=-=-= dump queue =-=-=
[2] - 0 - 3
=-=-= end =-=-=
=-=-= dump queue =-=-=
[1] - 0 - 3
=-=-= end =-=-=
=-=-= dump queue =-=-=
[0] - 0 - 3
=-=-= end =-=-=
store object [4249427727695801802, 13330903866713613469, 4249670621417762250, 65283]
end store object
store player
end store player
=-=-= dump queue =-=-=
[1] - 0 - 4
=-=-= end =-=-=
=-=-= dump queue =-=-=
[0] - 0 - 4
=-=-= end =-=-=
store object [4249427727695801802, 13330903866713613469, 4249670621417762250, 65283]
end store object
store player
end store player
=-=-= dump queue =-=-=
[1] - 0 - 5
=-=-= end =-=-=
=-=-= dump queue =-=-=
[0] - 0 - 5
=-=-= end =-=-=
store object [4249427727695801802, 13330903866713613469, 4249670621417762250, 65283]
end store object
store player
end store player
=-=-= dump queue =-=-=
[3] - 0 - 6
=-=-= end =-=-=
=-=-= dump queue =-=-=
[2] - 0 - 6
=-=-= end =-=-=
=-=-= dump queue =-=-=
[1] - 0 - 6
=-=-= end =-=-=
=-=-= dump queue =-=-=
[0] - 0 - 6
=-=-= end =-=-=
store object [4249427727695801802, 13330903866713613469, 4249670621417762250, 65283]
end store object
store player
end store player
=-=-= dump queue =-=-=
[3] - 0 - 7
=-=-= end =-=-=
=-=-= dump queue =-=-=
[2] - 0 - 7
=-=-= end =-=-=
=-=-= dump queue =-=-=
[1] - 0 - 7
=-=-= end =-=-=
=-=-= dump queue =-=-=
[0] - 0 - 7
=-=-= end =-=-=
store object [4249427727695801802, 13330903866713613469, 4249670621417762250, 65283]
end store object
store player
end store player
=-=-= dump queue =-=-=
[1] - 0 - 0
=-=-= end =-=-=
=-=-= dump queue =-=-=
[0] - 0 - 0
=-=-= end =-=-=
store object [4249427727695801802, 13330903866713613469, 4249670621417762250, 65283]
end store object
store player
end store player
flush settlement
compact [17342965432624239523, 4249670621417762250, 13330903866713613469, 1458548106146728466, 4294967297]root after store: [17190124983849783200, 17391069222537840321, 13077991261288418848, 104067702890874157]
total guest instructions used 964560
total host api used {"foreign_merkle": ForeignStatics { used_round: 110, max_round: 1080 }, "foreign_babyjubjubsum": ForeignStatics { used_round: 183, max_round: 600 }, "foreign_keccak": ForeignStatics { used_round: 0, max_round: 50 }, "foreign_bn254sum": ForeignStatics { used_round: 0, max_round: 32 }, "foreign_poseidon": ForeignStatics { used_round: 109, max_round: 2048 }}
[4/8] Context output is not specified. Skip writing context output...
[5/8] Writing traces to "./output/traces"...
[6/8] Build circuit(s)...
[7/8] Creating proof(s)...
Start:   compress selectors ...
End:     compress selectors ... ....................................................399.590µs
Start:   fixed polys ...
End:     fixed polys ... ...........................................................3.791s
Start:   build pk time...
··Start:   prepare delta_omegas
··End:     prepare delta_omegas ....................................................982.781ms
··Start:   prepare permutations
··End:     prepare permutations ....................................................1.366s
··Start:   prepare poly
··End:     prepare poly ............................................................541.660ms
End:     build pk time... ..........................................................3.053s
Start:   l poly
End:     l poly ....................................................................692.677ms
Start:   prepare ev
End:     prepare ev ................................................................196.732ms
Start:   synthesize
··Start:   Prepare assignment
····Start:   Prepare image table assigner
····End:     Prepare image table assigner ..........................................711.320µs
····Start:   Prepare mtable
····End:     Prepare mtable ........................................................599.911ms
····Start:   Prepare memory info for etable
····End:     Prepare memory info for etable ........................................158.746ms
··End:     Prepare assignment ......................................................759.575ms
··Start:   Assign
····Start:   Init range chip
····Start:   Assign bit table
····Start:   Assign external host call table
··········Start:   Assign pre image table chip
············Start:   Init foreign table index
··············Start:   Assign frame table
················Start:   Assign mtable
··············Start:   Assign post image table chip
····················Start:   Assign etable
······Start:   Assign context cont chip
······················End:     Assign context cont chip ............................789ns
····················End:     Init foreign table index ..............................3.347ms
··················End:     Init range chip .........................................5.589ms
················End:     Assign external host call table ...........................8.341ms
··············End:     Assign frame table ..........................................24.778ms
············End:     Assign bit table ..............................................83.112ms
··········End:     Assign mtable ...................................................488.780ms
········End:     Assign pre image table chip .......................................1.239s
······End:     Assign etable .......................................................1.298s
····End:     Assign post image table chip ..........................................1.356s
··End:     Assign ..................................................................1.358s
··Start:   permutation
··End:     permutation .............................................................1.020µs
End:     synthesize ................................................................2.140s
Start:   synthesize sort range check col
··Start:   sort range check
··End:     sort range check ........................................................199.890ms
End:     synthesize sort range check col ...........................................212.079ms
Start:   creating proof ...
k is 22
free is 5761269760, total is 25393692672
zkwasm-prover cached pinned memory size: 11264 MB
··Start:   copy g_lagrange buffer
··End:     copy g_lagrange buffer ..................................................112.161ms
··Start:   prepare ntt
··End:     prepare ntt .............................................................6.236ms
··Start:   instances and advices msm 88
··Start:   prepare buffers
······Start:   prepare lookup buffer, count 20
free is 5694160896, total is 25393692672
······End:     prepare lookup buffer, count 20 .....................................2.853s
······Start:   prepare permutation buffer, count 6
······End:     prepare permutation buffer, count 6 .................................151.102ms
······Start:   prepare shuffle buffer, count 6
······End:     prepare shuffle buffer, count 6 .....................................205.531ms
····End:     prepare buffers .......................................................3.210s
····Start:   permute lookup comp 4
····End:     permute lookup comp 4 .................................................910.074ms
··End:     instances and advices msm 88 ............................................6.194s
··Start:   wait single lookups
··End:     wait single lookups .....................................................4.550µs
··Start:   eval tuple lookup buffer
··End:     eval tuple lookup buffer ................................................400.303ms
··Start:   single lookup msm 5 4
····Start:   permute lookup tuple 11
····End:     permute lookup tuple 11 ...............................................545.220ms
··End:     single lookup msm 5 4 ...................................................958.504ms
··Start:   wait tuple lookup
··End:     wait tuple lookup .......................................................2.270µs
··Start:   tuple lookup msm 11
··End:     tuple lookup msm 11 .....................................................751.916ms
··Start:   product permutation 6
··End:     product permutation 6 ...................................................66.211µs
··Start:   product shuffles total=16, group=6
··End:     product shuffles total=16, group=6 ......................................44.330µs
··Start:   generate lookup z
··End:     generate lookup z .......................................................474.153ms
··Start:   lookup z msm 20
··End:     lookup z msm 20 .........................................................748.971ms
··Start:   partial and advices intt 22
··End:     partial and advices intt 22 .............................................127.272ms
··Start:   wait permutation_products
··End:     wait permutation_products ...............................................3.230µs
··Start:   permutation z msm and intt
··End:     permutation z msm and intt ..............................................268.176ms
··Start:   partial and advices intt 16
··End:     partial and advices intt 16 .............................................90.465ms
··Start:   wait shuffle_products
··End:     wait shuffle_products ...................................................382.441ms
··Start:   shuffle z msm and intt
··End:     shuffle z msm and intt ..................................................281.943ms
··Start:   random_poly
··End:     random_poly .............................................................103.996ms
··Start:   h_poly
····Start:   partial instances and advices intt 33
····End:     partial instances and advices intt 33 .................................187.275ms
····Start:   evaluate_h setup
····End:     evaluate_h setup ......................................................135.830µs
····Start:   evaluate_h gates
····End:     evaluate_h gates ......................................................2.359s
····Start:   evaluate_h prepare buffers for constants
····End:     evaluate_h prepare buffers for constants ..............................189.859ms
····Start:   evaluate_h permutation
····End:     evaluate_h permutation ................................................1.136s
····Start:   evaluate_h lookup
····End:     evaluate_h lookup .....................................................1.797s
····Start:   evaluate_h shuffle
····End:     evaluate_h shuffle ....................................................417.859ms
····Start:   vanishing msm 4
····End:     vanishing msm 4 .......................................................210.298ms
··End:     h_poly ..................................................................6.311s
··Start:   compute eval 200
··End:     compute eval 200 ........................................................1.726s
··Start:   multi open
··End:     multi open ..............................................................845.084ms
thread 'main' panicked at 'called `Result::unwrap()` on an `Err` value: ConstraintSystemFailure', /home/yymone/.cargo/git/checkouts/continuation-batcher-19e2733eaf5b9365/feb05d6/src/proof.rs:483:17
note: run with `RUST_BACKTRACE=1` environment variable to display a backtrace
